  [1m[36m (1.7ms)[0m  [1mCREATE TABLE "schema_migrations" ("version" varchar NOT NULL) [0m
  [1m[35m (0.1ms)[0m  select sqlite_version(*)
  [1m[36m (1.6ms)[0m  [1mCREATE UNIQUE INDEX "unique_schema_migrations" ON "schema_migrations" ("version")[0m
  [1m[35mActiveRecord::SchemaMigration Load (0.1ms)[0m  SELECT "schema_migrations".* FROM "schema_migrations"


Started GET "/" for ::1 at 2015-11-17 17:47:54 -0600
Processing by Rails::WelcomeController#index as HTML
  Rendered /Users/admin/.rvm/gems/ruby-2.1.2/gems/railties-4.2.3/lib/rails/templates/rails/welcome/index.html.erb (2.8ms)
Completed 200 OK in 27ms (Views: 19.4ms | ActiveRecord: 0.0ms)
  [1m[36mActiveRecord::SchemaMigration Load (0.1ms)[0m  [1mSELECT "schema_migrations".* FROM "schema_migrations"[0m
Migrating to CreateStudents (1)
  [1m[35m (0.1ms)[0m  begin transaction
  [1m[36m (0.4ms)[0m  [1mCREATE TABLE "students" ("id" INTEGER PRIMARY KEY AUTOINCREMENT NOT NULL, "first_name" varchar, "last_name" varchar, "created_at" datetime NOT NULL, "updated_at" datetime NOT NULL) [0m
  [1m[35mSQL (0.3ms)[0m  INSERT INTO "schema_migrations" ("version") VALUES (?)  [["version", "1"]]
  [1m[36m (1.4ms)[0m  [1mcommit transaction[0m
  [1m[35mActiveRecord::SchemaMigration Load (0.1ms)[0m  SELECT "schema_migrations".* FROM "schema_migrations"
  [1m[36m (0.1ms)[0m  [1mbegin transaction[0m
  [1m[35mSQL (0.3ms)[0m  INSERT INTO "students" ("first_name", "last_name", "created_at", "updated_at") VALUES (?, ?, ?, ?)  [["first_name", "Jordan"], ["last_name", "Hudgens"], ["created_at", "2015-11-18 00:10:55.545365"], ["updated_at", "2015-11-18 00:10:55.545365"]]
  [1m[36m (2.9ms)[0m  [1mcommit transaction[0m
  [1m[35mStudent Load (0.2ms)[0m  SELECT  "students".* FROM "students"  ORDER BY "students"."id" DESC LIMIT 1
  [1m[36m (0.1ms)[0m  [1mbegin transaction[0m
  [1m[35mSQL (0.3ms)[0m  INSERT INTO "students" ("created_at", "updated_at") VALUES (?, ?)  [["created_at", "2015-11-18 00:17:49.095449"], ["updated_at", "2015-11-18 00:17:49.095449"]]
  [1m[36m (1.2ms)[0m  [1mcommit transaction[0m
  [1m[35mStudent Load (0.2ms)[0m  SELECT  "students".* FROM "students"  ORDER BY "students"."id" DESC LIMIT 1
  [1m[36mActiveRecord::SchemaMigration Load (0.1ms)[0m  [1mSELECT "schema_migrations".* FROM "schema_migrations"[0m
  [1m[35mActiveRecord::SchemaMigration Load (0.1ms)[0m  SELECT "schema_migrations".* FROM "schema_migrations"


Started GET "/" for ::1 at 2015-11-18 13:36:42 -0600
  [1m[36mActiveRecord::SchemaMigration Load (0.1ms)[0m  [1mSELECT "schema_migrations".* FROM "schema_migrations"[0m
Processing by Rails::WelcomeController#index as HTML
  Rendered /Users/admin/.rvm/gems/ruby-2.1.2/gems/railties-4.2.3/lib/rails/templates/rails/welcome/index.html.erb (2.4ms)
Completed 200 OK in 39ms (Views: 24.5ms | ActiveRecord: 0.0ms)


Started GET "/" for ::1 at 2015-11-18 13:37:10 -0600
Processing by Rails::WelcomeController#index as HTML
  Rendered /Users/admin/.rvm/gems/ruby-2.1.2/gems/railties-4.2.3/lib/rails/templates/rails/welcome/index.html.erb (0.0ms)
Completed 200 OK in 1ms (Views: 0.7ms | ActiveRecord: 0.0ms)
  [1m[36mActiveRecord::SchemaMigration Load (0.1ms)[0m  [1mSELECT "schema_migrations".* FROM "schema_migrations"[0m
  [1m[35mActiveRecord::SchemaMigration Load (0.1ms)[0m  SELECT "schema_migrations".* FROM "schema_migrations"
  [1m[36mActiveRecord::SchemaMigration Load (0.1ms)[0m  [1mSELECT "schema_migrations".* FROM "schema_migrations"[0m
  [1m[35mActiveRecord::SchemaMigration Load (0.1ms)[0m  SELECT "schema_migrations".* FROM "schema_migrations"
  [1m[36mStudent Load (1.8ms)[0m  [1mSELECT "students".* FROM "students"[0m
  [1m[36m (12.5ms)[0m  [1mCREATE TABLE "schema_migrations" ("version" varchar NOT NULL) [0m
  [1m[35m (1.4ms)[0m  select sqlite_version(*)
  [1m[36m (4.4ms)[0m  [1mCREATE UNIQUE INDEX "unique_schema_migrations" ON "schema_migrations" ("version")[0m
  [1m[35mActiveRecord::SchemaMigration Load (0.1ms)[0m  SELECT "schema_migrations".* FROM "schema_migrations"
  [1m[36mActiveRecord::SchemaMigration Load (0.1ms)[0m  [1mSELECT "schema_migrations".* FROM "schema_migrations"[0m
Migrating to CreateStudents (1)
  [1m[35m (0.1ms)[0m  begin transaction
  [1m[36m (0.6ms)[0m  [1mCREATE TABLE "students" ("id" INTEGER PRIMARY KEY AUTOINCREMENT NOT NULL, "first_name" varchar, "last_name" varchar, "created_at" datetime NOT NULL, "updated_at" datetime NOT NULL) [0m
  [1m[35mSQL (0.3ms)[0m  INSERT INTO "schema_migrations" ("version") VALUES (?)  [["version", "1"]]
  [1m[36m (1.4ms)[0m  [1mcommit transaction[0m
  [1m[35mActiveRecord::SchemaMigration Load (0.1ms)[0m  SELECT "schema_migrations".* FROM "schema_migrations"
  [1m[36mActiveRecord::SchemaMigration Load (0.1ms)[0m  [1mSELECT "schema_migrations".* FROM "schema_migrations"[0m
  [1m[36mActiveRecord::SchemaMigration Load (0.1ms)[0m  [1mSELECT "schema_migrations".* FROM "schema_migrations"[0m
  [1m[36mActiveRecord::SchemaMigration Load (0.1ms)[0m  [1mSELECT "schema_migrations".* FROM "schema_migrations"[0m
  [1m[36mActiveRecord::SchemaMigration Load (0.1ms)[0m  [1mSELECT "schema_migrations".* FROM "schema_migrations"[0m
  [1m[35m (0.1ms)[0m  begin transaction
  [1m[36mSQL (1.5ms)[0m  [1mINSERT INTO "students" ("first_name", "last_name", "created_at", "updated_at") VALUES (?, ?, ?, ?)[0m  [["first_name", "Rick"], ["last_name", "Sanchez"], ["created_at", "2017-11-27 21:49:00.630782"], ["updated_at", "2017-11-27 21:49:00.630782"]]
  [1m[35m (1.0ms)[0m  commit transaction
  [1m[36m (0.1ms)[0m  [1mbegin transaction[0m
  [1m[35mSQL (0.3ms)[0m  INSERT INTO "students" ("first_name", "last_name", "created_at", "updated_at") VALUES (?, ?, ?, ?)  [["first_name", "Morty"], ["last_name", "Smith"], ["created_at", "2017-11-27 21:49:00.640060"], ["updated_at", "2017-11-27 21:49:00.640060"]]
  [1m[36m (0.8ms)[0m  [1mcommit transaction[0m
  [1m[36mStudent Load (1.3ms)[0m  [1mSELECT "students".* FROM "students"[0m
  [1m[36mActiveRecord::SchemaMigration Load (0.3ms)[0m  [1mSELECT "schema_migrations".* FROM "schema_migrations"[0m
  [1m[35mActiveRecord::SchemaMigration Load (0.1ms)[0m  SELECT "schema_migrations".* FROM "schema_migrations"
  [1m[36mActiveRecord::SchemaMigration Load (0.1ms)[0m  [1mSELECT "schema_migrations".* FROM "schema_migrations"[0m
  [1m[35m (0.0ms)[0m  begin transaction
  [1m[36mSQL (1.2ms)[0m  [1mINSERT INTO "students" ("first_name", "last_name", "created_at", "updated_at") VALUES (?, ?, ?, ?)[0m  [["first_name", "Rick"], ["last_name", "Sanchez"], ["created_at", "2017-11-27 21:50:33.278104"], ["updated_at", "2017-11-27 21:50:33.278104"]]
  [1m[35m (1.1ms)[0m  commit transaction
  [1m[36m (0.1ms)[0m  [1mbegin transaction[0m
  [1m[35mSQL (0.3ms)[0m  INSERT INTO "students" ("first_name", "last_name", "created_at", "updated_at") VALUES (?, ?, ?, ?)  [["first_name", "Morty"], ["last_name", "Smith"], ["created_at", "2017-11-27 21:50:33.287825"], ["updated_at", "2017-11-27 21:50:33.287825"]]
  [1m[36m (0.7ms)[0m  [1mcommit transaction[0m
  [1m[36m (1.3ms)[0m  [1mCREATE TABLE "schema_migrations" ("version" varchar NOT NULL) [0m
  [1m[35m (0.1ms)[0m  select sqlite_version(*)
  [1m[36m (1.3ms)[0m  [1mCREATE UNIQUE INDEX "unique_schema_migrations" ON "schema_migrations" ("version")[0m
  [1m[35mActiveRecord::SchemaMigration Load (0.1ms)[0m  SELECT "schema_migrations".* FROM "schema_migrations"
Migrating to CreateStudents (1)
  [1m[36m (0.1ms)[0m  [1mbegin transaction[0m
  [1m[35m (0.7ms)[0m  CREATE TABLE "students" ("id" INTEGER PRIMARY KEY AUTOINCREMENT NOT NULL, "first_name" varchar, "last_name" varchar, "created_at" datetime NOT NULL, "updated_at" datetime NOT NULL) 
  [1m[36mSQL (0.8ms)[0m  [1mINSERT INTO "schema_migrations" ("version") VALUES (?)[0m  [["version", "1"]]
  [1m[35m (1.4ms)[0m  commit transaction
  [1m[36mActiveRecord::SchemaMigration Load (0.6ms)[0m  [1mSELECT "schema_migrations".* FROM "schema_migrations"[0m
  [1m[36mActiveRecord::SchemaMigration Load (0.1ms)[0m  [1mSELECT "schema_migrations".* FROM "schema_migrations"[0m
  [1m[35m (0.0ms)[0m  begin transaction
  [1m[36mSQL (0.5ms)[0m  [1mINSERT INTO "students" ("first_name", "last_name", "created_at", "updated_at") VALUES (?, ?, ?, ?)[0m  [["first_name", "Rick"], ["last_name", "Sanchez"], ["created_at", "2017-11-27 21:51:05.201787"], ["updated_at", "2017-11-27 21:51:05.201787"]]
  [1m[35m (1.0ms)[0m  commit transaction
  [1m[36m (0.1ms)[0m  [1mbegin transaction[0m
  [1m[35mSQL (0.3ms)[0m  INSERT INTO "students" ("first_name", "last_name", "created_at", "updated_at") VALUES (?, ?, ?, ?)  [["first_name", "Morty"], ["last_name", "Smith"], ["created_at", "2017-11-27 21:51:05.207095"], ["updated_at", "2017-11-27 21:51:05.207095"]]
  [1m[36m (0.8ms)[0m  [1mcommit transaction[0m
  [1m[36mStudent Load (1.6ms)[0m  [1mSELECT "students".* FROM "students"[0m
  [1m[36mActiveRecord::SchemaMigration Load (0.1ms)[0m  [1mSELECT "schema_migrations".* FROM "schema_migrations"[0m
  [1m[35mActiveRecord::SchemaMigration Load (0.1ms)[0m  SELECT "schema_migrations".* FROM "schema_migrations"
  [1m[36mActiveRecord::SchemaMigration Load (0.1ms)[0m  [1mSELECT "schema_migrations".* FROM "schema_migrations"[0m
  [1m[35m (0.0ms)[0m  begin transaction
  [1m[36mSQL (0.4ms)[0m  [1mINSERT INTO "students" ("first_name", "last_name", "created_at", "updated_at") VALUES (?, ?, ?, ?)[0m  [["first_name", "Rick"], ["last_name", "Sanchez"], ["created_at", "2017-11-27 22:36:20.068511"], ["updated_at", "2017-11-27 22:36:20.068511"]]
  [1m[35m (0.8ms)[0m  commit transaction
  [1m[36m (0.0ms)[0m  [1mbegin transaction[0m
  [1m[35mSQL (0.4ms)[0m  INSERT INTO "students" ("first_name", "last_name", "created_at", "updated_at") VALUES (?, ?, ?, ?)  [["first_name", "Morty"], ["last_name", "Smith"], ["created_at", "2017-11-27 22:36:20.073040"], ["updated_at", "2017-11-27 22:36:20.073040"]]
  [1m[36m (0.9ms)[0m  [1mcommit transaction[0m
  [1m[36mStudent Load (1.4ms)[0m  [1mSELECT "students".* FROM "students"[0m
  [1m[36m (1.5ms)[0m  [1mCREATE TABLE "students" ("id" INTEGER PRIMARY KEY AUTOINCREMENT NOT NULL, "first_name" varchar, "last_name" varchar, "created_at" datetime NOT NULL, "updated_at" datetime NOT NULL) [0m
  [1m[35m (2.8ms)[0m  CREATE TABLE "schema_migrations" ("version" varchar NOT NULL) 
  [1m[36m (0.4ms)[0m  [1mselect sqlite_version(*)[0m
  [1m[35m (1.5ms)[0m  CREATE UNIQUE INDEX "unique_schema_migrations" ON "schema_migrations" ("version")
  [1m[36m (1.2ms)[0m  [1mSELECT version FROM "schema_migrations"[0m
  [1m[35m (1.5ms)[0m  INSERT INTO "schema_migrations" (version) VALUES ('1')
  [1m[36m (1.3ms)[0m  [1mCREATE TABLE "students" ("id" INTEGER PRIMARY KEY AUTOINCREMENT NOT NULL, "first_name" varchar, "last_name" varchar, "created_at" datetime NOT NULL, "updated_at" datetime NOT NULL) [0m
  [1m[35m (3.2ms)[0m  CREATE TABLE "schema_migrations" ("version" varchar NOT NULL) 
  [1m[36m (0.1ms)[0m  [1mselect sqlite_version(*)[0m
  [1m[35m (6.0ms)[0m  CREATE UNIQUE INDEX "unique_schema_migrations" ON "schema_migrations" ("version")
  [1m[36m (0.2ms)[0m  [1mSELECT version FROM "schema_migrations"[0m
  [1m[35m (1.3ms)[0m  INSERT INTO "schema_migrations" (version) VALUES ('1')
  [1m[36mActiveRecord::SchemaMigration Load (0.1ms)[0m  [1mSELECT "schema_migrations".* FROM "schema_migrations"[0m
  [1m[35m (0.1ms)[0m  begin transaction
  [1m[36mSQL (0.5ms)[0m  [1mINSERT INTO "students" ("first_name", "last_name", "created_at", "updated_at") VALUES (?, ?, ?, ?)[0m  [["first_name", "Rick"], ["last_name", "Sanchez"], ["created_at", "2017-11-28 14:57:46.121937"], ["updated_at", "2017-11-28 14:57:46.121937"]]
  [1m[35m (1.0ms)[0m  commit transaction
  [1m[36m (0.2ms)[0m  [1mbegin transaction[0m
  [1m[35mSQL (0.9ms)[0m  INSERT INTO "students" ("first_name", "last_name", "created_at", "updated_at") VALUES (?, ?, ?, ?)  [["first_name", "Morty"], ["last_name", "Smith"], ["created_at", "2017-11-28 14:57:46.128328"], ["updated_at", "2017-11-28 14:57:46.128328"]]
  [1m[36m (1.4ms)[0m  [1mcommit transaction[0m
  [1m[36m (1.3ms)[0m  [1mCREATE TABLE "schema_migrations" ("version" varchar NOT NULL) [0m
  [1m[35m (0.1ms)[0m  select sqlite_version(*)
  [1m[36m (1.2ms)[0m  [1mCREATE UNIQUE INDEX "unique_schema_migrations" ON "schema_migrations" ("version")[0m
  [1m[35mActiveRecord::SchemaMigration Load (0.1ms)[0m  SELECT "schema_migrations".* FROM "schema_migrations"
Migrating to CreateStudents (1)
  [1m[36m (0.1ms)[0m  [1mbegin transaction[0m
  [1m[35m (0.7ms)[0m  CREATE TABLE "students" ("id" INTEGER PRIMARY KEY AUTOINCREMENT NOT NULL, "first_name" varchar, "last_name" varchar, "created_at" datetime NOT NULL, "updated_at" datetime NOT NULL) 
  [1m[36mSQL (0.2ms)[0m  [1mINSERT INTO "schema_migrations" ("version") VALUES (?)[0m  [["version", "1"]]
  [1m[35m (1.1ms)[0m  commit transaction
  [1m[36mActiveRecord::SchemaMigration Load (0.1ms)[0m  [1mSELECT "schema_migrations".* FROM "schema_migrations"[0m
  [1m[36m (1.7ms)[0m  [1mCREATE TABLE "schema_migrations" ("version" varchar NOT NULL) [0m
  [1m[35m (0.2ms)[0m  select sqlite_version(*)
  [1m[36m (1.0ms)[0m  [1mCREATE UNIQUE INDEX "unique_schema_migrations" ON "schema_migrations" ("version")[0m
  [1m[35mActiveRecord::SchemaMigration Load (0.1ms)[0m  SELECT "schema_migrations".* FROM "schema_migrations"
Migrating to CreateStudents (1)
  [1m[36m (0.1ms)[0m  [1mbegin transaction[0m
  [1m[35m (0.4ms)[0m  CREATE TABLE "students" ("id" INTEGER PRIMARY KEY AUTOINCREMENT NOT NULL, "first_name" varchar, "last_name" varchar, "created_at" datetime NOT NULL, "updated_at" datetime NOT NULL) 
  [1m[36mSQL (0.3ms)[0m  [1mINSERT INTO "schema_migrations" ("version") VALUES (?)[0m  [["version", "1"]]
  [1m[35m (0.9ms)[0m  commit transaction
  [1m[36mActiveRecord::SchemaMigration Load (0.2ms)[0m  [1mSELECT "schema_migrations".* FROM "schema_migrations"[0m
  [1m[36mActiveRecord::SchemaMigration Load (0.2ms)[0m  [1mSELECT "schema_migrations".* FROM "schema_migrations"[0m
  [1m[35m (0.1ms)[0m  begin transaction
  [1m[36mSQL (0.5ms)[0m  [1mINSERT INTO "students" ("first_name", "last_name", "created_at", "updated_at") VALUES (?, ?, ?, ?)[0m  [["first_name", "Rick"], ["last_name", "Sanchez"], ["created_at", "2017-11-28 15:01:02.840734"], ["updated_at", "2017-11-28 15:01:02.840734"]]
  [1m[35m (0.9ms)[0m  commit transaction
  [1m[36m (0.1ms)[0m  [1mbegin transaction[0m
  [1m[35mSQL (0.3ms)[0m  INSERT INTO "students" ("first_name", "last_name", "created_at", "updated_at") VALUES (?, ?, ?, ?)  [["first_name", "Morty"], ["last_name", "Smith"], ["created_at", "2017-11-28 15:01:02.845645"], ["updated_at", "2017-11-28 15:01:02.845645"]]
  [1m[36m (0.8ms)[0m  [1mcommit transaction[0m
  [1m[36mActiveRecord::SchemaMigration Load (0.1ms)[0m  [1mSELECT "schema_migrations".* FROM "schema_migrations"[0m
  [1m[35mActiveRecord::SchemaMigration Load (0.1ms)[0m  SELECT "schema_migrations".* FROM "schema_migrations"
  [1m[36mActiveRecord::SchemaMigration Load (0.1ms)[0m  [1mSELECT "schema_migrations".* FROM "schema_migrations"[0m
  [1m[35m (0.1ms)[0m  begin transaction
  [1m[36mSQL (0.4ms)[0m  [1mINSERT INTO "students" ("first_name", "last_name", "created_at", "updated_at") VALUES (?, ?, ?, ?)[0m  [["first_name", "Rick"], ["last_name", "Sanchez"], ["created_at", "2018-11-01 22:56:35.619882"], ["updated_at", "2018-11-01 22:56:35.619882"]]
  [1m[35m (1.3ms)[0m  commit transaction
  [1m[36m (0.0ms)[0m  [1mbegin transaction[0m
  [1m[35mSQL (0.3ms)[0m  INSERT INTO "students" ("first_name", "last_name", "created_at", "updated_at") VALUES (?, ?, ?, ?)  [["first_name", "Morty"], ["last_name", "Smith"], ["created_at", "2018-11-01 22:56:35.623136"], ["updated_at", "2018-11-01 22:56:35.623136"]]
  [1m[36m (1.3ms)[0m  [1mcommit transaction[0m
  [1m[36mStudent Load (1.8ms)[0m  [1mSELECT "students".* FROM "students"[0m
  [1m[35mStudent Load (0.3ms)[0m  SELECT "students".* FROM "students"


Started GET "/posts/1" for ::1 at 2018-11-01 19:27:54 -0400
  [1m[36mActiveRecord::SchemaMigration Load (0.1ms)[0m  [1mSELECT "schema_migrations".* FROM "schema_migrations"[0m

ActionController::RoutingError (No route matches [GET] "/posts/1"):
  actionpack (4.2.10) lib/action_dispatch/middleware/debug_exceptions.rb:21:in `call'
  actionpack (4.2.10) lib/action_dispatch/middleware/show_exceptions.rb:30:in `call'
  railties (4.2.10) lib/rails/rack/logger.rb:38:in `call_app'
  railties (4.2.10) lib/rails/rack/logger.rb:20:in `block in call'
  activesupport (4.2.10) lib/active_support/tagged_logging.rb:68:in `block in tagged'
  activesupport (4.2.10) lib/active_support/tagged_logging.rb:26:in `tagged'
  activesupport (4.2.10) lib/active_support/tagged_logging.rb:68:in `tagged'
  railties (4.2.10) lib/rails/rack/logger.rb:20:in `call'
  actionpack (4.2.10) lib/action_dispatch/middleware/request_id.rb:21:in `call'
  rack (1.6.10) lib/rack/methodoverride.rb:22:in `call'
  rack (1.6.10) lib/rack/runtime.rb:18:in `call'
  activesupport (4.2.10) lib/active_support/cache/strategy/local_cache_middleware.rb:28:in `call'
  rack (1.6.10) lib/rack/lock.rb:17:in `call'
  actionpack (4.2.10) lib/action_dispatch/middleware/static.rb:120:in `call'
  rack (1.6.10) lib/rack/sendfile.rb:113:in `call'
  railties (4.2.10) lib/rails/engine.rb:518:in `call'
  railties (4.2.10) lib/rails/application.rb:165:in `call'
  rack (1.6.10) lib/rack/lock.rb:17:in `call'
  rack (1.6.10) lib/rack/content_length.rb:15:in `call'
  rack (1.6.10) lib/rack/handler/webrick.rb:88:in `service'
  /Users/ericlaitman/.rvm/rubies/ruby-2.3.3/lib/ruby/2.3.0/webrick/httpserver.rb:140:in `service'
  /Users/ericlaitman/.rvm/rubies/ruby-2.3.3/lib/ruby/2.3.0/webrick/httpserver.rb:96:in `run'
  /Users/ericlaitman/.rvm/rubies/ruby-2.3.3/lib/ruby/2.3.0/webrick/server.rb:296:in `block in start_thread'


  Rendered /Users/ericlaitman/.rvm/gems/ruby-2.3.3/gems/actionpack-4.2.10/lib/action_dispatch/middleware/templates/rescues/_trace.html.erb (1.3ms)
  Rendered /Users/ericlaitman/.rvm/gems/ruby-2.3.3/gems/actionpack-4.2.10/lib/action_dispatch/middleware/templates/routes/_route.html.erb (1.2ms)
  Rendered /Users/ericlaitman/.rvm/gems/ruby-2.3.3/gems/actionpack-4.2.10/lib/action_dispatch/middleware/templates/routes/_table.html.erb (10.9ms)
  Rendered /Users/ericlaitman/.rvm/gems/ruby-2.3.3/gems/actionpack-4.2.10/lib/action_dispatch/middleware/templates/rescues/_request_and_response.html.erb (11.3ms)
  Rendered /Users/ericlaitman/.rvm/gems/ruby-2.3.3/gems/actionpack-4.2.10/lib/action_dispatch/middleware/templates/rescues/routing_error.html.erb within rescues/layout (173.7ms)


Started GET "/students/1" for ::1 at 2018-11-01 19:29:34 -0400
  [1m[36mActiveRecord::SchemaMigration Load (0.1ms)[0m  [1mSELECT "schema_migrations".* FROM "schema_migrations"[0m

ActionController::RoutingError (undefined local variable or method `params' for StudentsController:Class):
  app/controllers/students_controller.rb:3:in `<class:StudentsController>'
  app/controllers/students_controller.rb:1:in `<top (required)>'


  Rendered /Users/ericlaitman/.rvm/gems/ruby-2.3.3/gems/actionpack-4.2.10/lib/action_dispatch/middleware/templates/rescues/_trace.html.erb (1.6ms)
  Rendered /Users/ericlaitman/.rvm/gems/ruby-2.3.3/gems/actionpack-4.2.10/lib/action_dispatch/middleware/templates/routes/_route.html.erb (0.6ms)
  Rendered /Users/ericlaitman/.rvm/gems/ruby-2.3.3/gems/actionpack-4.2.10/lib/action_dispatch/middleware/templates/routes/_table.html.erb (8.6ms)
  Rendered /Users/ericlaitman/.rvm/gems/ruby-2.3.3/gems/actionpack-4.2.10/lib/action_dispatch/middleware/templates/rescues/_request_and_response.html.erb (12.9ms)
  Rendered /Users/ericlaitman/.rvm/gems/ruby-2.3.3/gems/actionpack-4.2.10/lib/action_dispatch/middleware/templates/rescues/routing_error.html.erb within rescues/layout (136.2ms)


Started GET "/students/1" for ::1 at 2018-11-01 19:30:31 -0400

SyntaxError (/Users/ericlaitman/dev2/rails-restful-index-action-lab-nyc-web-100818/app/controllers/students_controller.rb:8: syntax error, unexpected end-of-input, expecting keyword_end):
  app/controllers/students_controller.rb:8: syntax error, unexpected end-of-input, expecting keyword_end


  Rendered /Users/ericlaitman/.rvm/gems/ruby-2.3.3/gems/actionpack-4.2.10/lib/action_dispatch/middleware/templates/rescues/_source.erb (3.7ms)
  Rendered /Users/ericlaitman/.rvm/gems/ruby-2.3.3/gems/actionpack-4.2.10/lib/action_dispatch/middleware/templates/rescues/_trace.html.erb (3.3ms)
  Rendered /Users/ericlaitman/.rvm/gems/ruby-2.3.3/gems/actionpack-4.2.10/lib/action_dispatch/middleware/templates/rescues/_request_and_response.html.erb (1.3ms)
  Rendered /Users/ericlaitman/.rvm/gems/ruby-2.3.3/gems/actionpack-4.2.10/lib/action_dispatch/middleware/templates/rescues/diagnostics.html.erb within rescues/layout (117.6ms)


Started GET "/students/1" for ::1 at 2018-11-01 19:30:41 -0400
Processing by StudentsController#show as HTML
  Parameters: {"id"=>"1"}
  [1m[35mStudent Load (0.2ms)[0m  SELECT  "students".* FROM "students" WHERE "students"."id" = ? LIMIT 1  [["id", 1]]
  Rendered students/show.erb within layouts/application (0.4ms)
Completed 500 Internal Server Error in 23ms (ActiveRecord: 0.6ms)

SyntaxError (/Users/ericlaitman/dev2/rails-restful-index-action-lab-nyc-web-100818/app/views/students/show.erb:1: syntax error, unexpected ')', expecting '='
...rst_name, @student.last_name  );@output_buffer.safe_append='...
...                               ^
/Users/ericlaitman/dev2/rails-restful-index-action-lab-nyc-web-100818/app/views/students/show.erb:3: syntax error, unexpected keyword_ensure, expecting ')'
/Users/ericlaitman/dev2/rails-restful-index-action-lab-nyc-web-100818/app/views/students/show.erb:5: syntax error, unexpected keyword_end, expecting ')'):
  app/views/students/show.erb:1: syntax error, unexpected ')', expecting '='
  app/views/students/show.erb:3: syntax error, unexpected keyword_ensure, expecting ')'
  app/views/students/show.erb:5: syntax error, unexpected keyword_end, expecting ')'


  Rendered /Users/ericlaitman/.rvm/gems/ruby-2.3.3/gems/actionpack-4.2.10/lib/action_dispatch/middleware/templates/rescues/_source.erb (5.2ms)
  Rendered /Users/ericlaitman/.rvm/gems/ruby-2.3.3/gems/actionpack-4.2.10/lib/action_dispatch/middleware/templates/rescues/_trace.html.erb (2.2ms)
  Rendered /Users/ericlaitman/.rvm/gems/ruby-2.3.3/gems/actionpack-4.2.10/lib/action_dispatch/middleware/templates/rescues/_request_and_response.html.erb (0.7ms)
  Rendered /Users/ericlaitman/.rvm/gems/ruby-2.3.3/gems/actionpack-4.2.10/lib/action_dispatch/middleware/templates/rescues/diagnostics.html.erb within rescues/layout (83.3ms)


Started GET "/students/1" for ::1 at 2018-11-01 19:31:26 -0400
Processing by StudentsController#show as HTML
  Parameters: {"id"=>"1"}
  [1m[36mStudent Load (0.1ms)[0m  [1mSELECT  "students".* FROM "students" WHERE "students"."id" = ? LIMIT 1[0m  [["id", 1]]
  Rendered students/show.erb within layouts/application (0.7ms)
Completed 200 OK in 688ms (Views: 687.1ms | ActiveRecord: 0.1ms)


Started GET "/students/1" for ::1 at 2018-11-01 19:31:44 -0400
Processing by StudentsController#show as HTML
  Parameters: {"id"=>"1"}
  [1m[35mStudent Load (0.2ms)[0m  SELECT  "students".* FROM "students" WHERE "students"."id" = ? LIMIT 1  [["id", 1]]
  Rendered students/show.erb within layouts/application (0.7ms)
Completed 200 OK in 31ms (Views: 29.7ms | ActiveRecord: 0.2ms)


Started GET "/students" for ::1 at 2018-11-01 19:38:17 -0400
  [1m[36mActiveRecord::SchemaMigration Load (0.1ms)[0m  [1mSELECT "schema_migrations".* FROM "schema_migrations"[0m
Processing by StudentsController#show as HTML
  [1m[35mStudent Load (0.2ms)[0m  SELECT "students".* FROM "students"
  Rendered students/show.erb within layouts/application (15.3ms)
Completed 500 Internal Server Error in 40ms (ActiveRecord: 0.5ms)

ActionView::Template::Error (undefined method `last_name' for #<Student::ActiveRecord_Relation:0x007facfcfdf538>):
    1: <h1><%= @student.last_name %>, <%= @student.first_name  %></h1>
  app/views/students/show.erb:1:in `_app_views_students_show_erb__3255166805877729205_70190477751860'


  Rendered /Users/ericlaitman/.rvm/gems/ruby-2.3.3/gems/actionpack-4.2.10/lib/action_dispatch/middleware/templates/rescues/_source.erb (9.3ms)
  Rendered /Users/ericlaitman/.rvm/gems/ruby-2.3.3/gems/actionpack-4.2.10/lib/action_dispatch/middleware/templates/rescues/_trace.html.erb (4.7ms)
  Rendered /Users/ericlaitman/.rvm/gems/ruby-2.3.3/gems/actionpack-4.2.10/lib/action_dispatch/middleware/templates/rescues/_request_and_response.html.erb (1.2ms)
  Rendered /Users/ericlaitman/.rvm/gems/ruby-2.3.3/gems/actionpack-4.2.10/lib/action_dispatch/middleware/templates/rescues/template_error.html.erb within rescues/layout (139.3ms)


Started GET "/students" for ::1 at 2018-11-01 19:39:33 -0400

SyntaxError (/Users/ericlaitman/dev2/rails-restful-index-action-lab-nyc-web-100818/app/controllers/students_controller.rb:12: syntax error, unexpected end-of-input, expecting keyword_end):
  app/controllers/students_controller.rb:12: syntax error, unexpected end-of-input, expecting keyword_end


  Rendered /Users/ericlaitman/.rvm/gems/ruby-2.3.3/gems/actionpack-4.2.10/lib/action_dispatch/middleware/templates/rescues/_source.erb (5.7ms)
  Rendered /Users/ericlaitman/.rvm/gems/ruby-2.3.3/gems/actionpack-4.2.10/lib/action_dispatch/middleware/templates/rescues/_trace.html.erb (1.5ms)
  Rendered /Users/ericlaitman/.rvm/gems/ruby-2.3.3/gems/actionpack-4.2.10/lib/action_dispatch/middleware/templates/rescues/_request_and_response.html.erb (1.2ms)
  Rendered /Users/ericlaitman/.rvm/gems/ruby-2.3.3/gems/actionpack-4.2.10/lib/action_dispatch/middleware/templates/rescues/diagnostics.html.erb within rescues/layout (84.7ms)


Started GET "/students" for ::1 at 2018-11-01 19:39:39 -0400
Processing by StudentsController#show as HTML
Completed 500 Internal Server Error in 7ms (ActiveRecord: 0.0ms)

NoMethodError (undefined method `each' for #<Class:0x007facfdb8e280>):
  app/controllers/students_controller.rb:5:in `show'


  Rendered /Users/ericlaitman/.rvm/gems/ruby-2.3.3/gems/actionpack-4.2.10/lib/action_dispatch/middleware/templates/rescues/_source.erb (3.4ms)
  Rendered /Users/ericlaitman/.rvm/gems/ruby-2.3.3/gems/actionpack-4.2.10/lib/action_dispatch/middleware/templates/rescues/_trace.html.erb (1.7ms)
  Rendered /Users/ericlaitman/.rvm/gems/ruby-2.3.3/gems/actionpack-4.2.10/lib/action_dispatch/middleware/templates/rescues/_request_and_response.html.erb (1.3ms)
  Rendered /Users/ericlaitman/.rvm/gems/ruby-2.3.3/gems/actionpack-4.2.10/lib/action_dispatch/middleware/templates/rescues/diagnostics.html.erb within rescues/layout (73.8ms)


Started GET "/students" for ::1 at 2018-11-01 19:39:47 -0400
Processing by StudentsController#show as HTML
Completed 500 Internal Server Error in 11ms (ActiveRecord: 0.0ms)

NameError (undefined local variable or method `each' for #<StudentsController:0x007facfce9cae0>):
  app/controllers/students_controller.rb:5:in `show'


  Rendered /Users/ericlaitman/.rvm/gems/ruby-2.3.3/gems/actionpack-4.2.10/lib/action_dispatch/middleware/templates/rescues/_source.erb (6.1ms)
  Rendered /Users/ericlaitman/.rvm/gems/ruby-2.3.3/gems/actionpack-4.2.10/lib/action_dispatch/middleware/templates/rescues/_trace.html.erb (2.4ms)
  Rendered /Users/ericlaitman/.rvm/gems/ruby-2.3.3/gems/actionpack-4.2.10/lib/action_dispatch/middleware/templates/rescues/_request_and_response.html.erb (0.9ms)
  Rendered /Users/ericlaitman/.rvm/gems/ruby-2.3.3/gems/actionpack-4.2.10/lib/action_dispatch/middleware/templates/rescues/diagnostics.html.erb within rescues/layout (103.2ms)


Started GET "/students" for ::1 at 2018-11-01 19:41:06 -0400
Processing by StudentsController#show as HTML
  Rendered students/show.erb within layouts/application (3.9ms)
Completed 500 Internal Server Error in 16ms (ActiveRecord: 0.0ms)

ActionView::Template::Error (undefined method `each' for nil:NilClass):
    1: <div>
    2:   <% @students.each do |student| %>
    3:     <div><%= student.to_s %></div>
    4:   <% end %>
    5: </div>
  app/views/students/show.erb:2:in `_app_views_students_show_erb__3255166805877729205_70190485702080'


  Rendered /Users/ericlaitman/.rvm/gems/ruby-2.3.3/gems/actionpack-4.2.10/lib/action_dispatch/middleware/templates/rescues/_source.erb (23.7ms)
  Rendered /Users/ericlaitman/.rvm/gems/ruby-2.3.3/gems/actionpack-4.2.10/lib/action_dispatch/middleware/templates/rescues/_trace.html.erb (3.3ms)
  Rendered /Users/ericlaitman/.rvm/gems/ruby-2.3.3/gems/actionpack-4.2.10/lib/action_dispatch/middleware/templates/rescues/_request_and_response.html.erb (0.7ms)
  Rendered /Users/ericlaitman/.rvm/gems/ruby-2.3.3/gems/actionpack-4.2.10/lib/action_dispatch/middleware/templates/rescues/template_error.html.erb within rescues/layout (122.4ms)


Started GET "/students" for ::1 at 2018-11-01 19:41:08 -0400
Processing by StudentsController#show as HTML
  Rendered students/show.erb within layouts/application (2.4ms)
Completed 500 Internal Server Error in 13ms (ActiveRecord: 0.0ms)

ActionView::Template::Error (undefined method `each' for nil:NilClass):
    1: <div>
    2:   <% @students.each do |student| %>
    3:     <div><%= student.to_s %></div>
    4:   <% end %>
    5: </div>
  app/views/students/show.erb:2:in `_app_views_students_show_erb__3255166805877729205_70190485702080'


  Rendered /Users/ericlaitman/.rvm/gems/ruby-2.3.3/gems/actionpack-4.2.10/lib/action_dispatch/middleware/templates/rescues/_source.erb (4.9ms)
  Rendered /Users/ericlaitman/.rvm/gems/ruby-2.3.3/gems/actionpack-4.2.10/lib/action_dispatch/middleware/templates/rescues/_trace.html.erb (2.6ms)
  Rendered /Users/ericlaitman/.rvm/gems/ruby-2.3.3/gems/actionpack-4.2.10/lib/action_dispatch/middleware/templates/rescues/_request_and_response.html.erb (0.8ms)
  Rendered /Users/ericlaitman/.rvm/gems/ruby-2.3.3/gems/actionpack-4.2.10/lib/action_dispatch/middleware/templates/rescues/template_error.html.erb within rescues/layout (84.0ms)


Started GET "/students" for ::1 at 2018-11-01 19:41:17 -0400
Processing by StudentsController#show as HTML
  [1m[36mStudent Load (0.3ms)[0m  [1mSELECT "students".* FROM "students"[0m
  Rendered students/show.erb within layouts/application (4.4ms)
Completed 200 OK in 256ms (Views: 254.8ms | ActiveRecord: 0.5ms)


Started GET "/students" for ::1 at 2018-11-01 19:58:45 -0400
  [1m[36mActiveRecord::SchemaMigration Load (0.1ms)[0m  [1mSELECT "schema_migrations".* FROM "schema_migrations"[0m
Processing by StudentsController#show as HTML
  [1m[35mStudent Load (0.1ms)[0m  SELECT "students".* FROM "students"
  Rendered students/show.erb within layouts/application (6.1ms)
Completed 200 OK in 287ms (Views: 275.7ms | ActiveRecord: 0.4ms)


Started GET "/students" for ::1 at 2018-11-01 19:59:08 -0400
Processing by StudentsController#show as HTML
  [1m[36mStudent Load (0.1ms)[0m  [1mSELECT "students".* FROM "students"[0m
  Rendered students/show.erb within layouts/application (1.2ms)
Completed 200 OK in 27ms (Views: 25.4ms | ActiveRecord: 0.1ms)
  [1m[36mActiveRecord::SchemaMigration Load (0.3ms)[0m  [1mSELECT "schema_migrations".* FROM "schema_migrations"[0m
  [1m[35mActiveRecord::SchemaMigration Load (0.1ms)[0m  SELECT "schema_migrations".* FROM "schema_migrations"
  [1m[36mActiveRecord::SchemaMigration Load (0.1ms)[0m  [1mSELECT "schema_migrations".* FROM "schema_migrations"[0m
  [1m[35m (0.0ms)[0m  begin transaction
  [1m[36mSQL (1.1ms)[0m  [1mINSERT INTO "students" ("first_name", "last_name", "created_at", "updated_at") VALUES (?, ?, ?, ?)[0m  [["first_name", "Rick"], ["last_name", "Sanchez"], ["created_at", "2018-11-04 21:06:49.175668"], ["updated_at", "2018-11-04 21:06:49.175668"]]
  [1m[35m (1.1ms)[0m  commit transaction
  [1m[36m (0.1ms)[0m  [1mbegin transaction[0m
  [1m[35mSQL (0.4ms)[0m  INSERT INTO "students" ("first_name", "last_name", "created_at", "updated_at") VALUES (?, ?, ?, ?)  [["first_name", "Morty"], ["last_name", "Smith"], ["created_at", "2018-11-04 21:06:49.179993"], ["updated_at", "2018-11-04 21:06:49.179993"]]
  [1m[36m (0.9ms)[0m  [1mcommit transaction[0m


Started GET "/students/1" for ::1 at 2018-11-04 16:10:41 -0500
  [1m[36mActiveRecord::SchemaMigration Load (0.2ms)[0m  [1mSELECT "schema_migrations".* FROM "schema_migrations"[0m

ActionController::RoutingError (No route matches [GET] "/students/1"):
  actionpack (4.2.10) lib/action_dispatch/middleware/debug_exceptions.rb:21:in `call'
  actionpack (4.2.10) lib/action_dispatch/middleware/show_exceptions.rb:30:in `call'
  railties (4.2.10) lib/rails/rack/logger.rb:38:in `call_app'
  railties (4.2.10) lib/rails/rack/logger.rb:20:in `block in call'
  activesupport (4.2.10) lib/active_support/tagged_logging.rb:68:in `block in tagged'
  activesupport (4.2.10) lib/active_support/tagged_logging.rb:26:in `tagged'
  activesupport (4.2.10) lib/active_support/tagged_logging.rb:68:in `tagged'
  railties (4.2.10) lib/rails/rack/logger.rb:20:in `call'
  actionpack (4.2.10) lib/action_dispatch/middleware/request_id.rb:21:in `call'
  rack (1.6.10) lib/rack/methodoverride.rb:22:in `call'
  rack (1.6.10) lib/rack/runtime.rb:18:in `call'
  activesupport (4.2.10) lib/active_support/cache/strategy/local_cache_middleware.rb:28:in `call'
  rack (1.6.10) lib/rack/lock.rb:17:in `call'
  actionpack (4.2.10) lib/action_dispatch/middleware/static.rb:120:in `call'
  rack (1.6.10) lib/rack/sendfile.rb:113:in `call'
  railties (4.2.10) lib/rails/engine.rb:518:in `call'
  railties (4.2.10) lib/rails/application.rb:165:in `call'
  rack (1.6.10) lib/rack/lock.rb:17:in `call'
  rack (1.6.10) lib/rack/content_length.rb:15:in `call'
  rack (1.6.10) lib/rack/handler/webrick.rb:88:in `service'
  /Users/ericlaitman/.rvm/rubies/ruby-2.3.3/lib/ruby/2.3.0/webrick/httpserver.rb:140:in `service'
  /Users/ericlaitman/.rvm/rubies/ruby-2.3.3/lib/ruby/2.3.0/webrick/httpserver.rb:96:in `run'
  /Users/ericlaitman/.rvm/rubies/ruby-2.3.3/lib/ruby/2.3.0/webrick/server.rb:296:in `block in start_thread'


  Rendered /Users/ericlaitman/.rvm/gems/ruby-2.3.3/gems/actionpack-4.2.10/lib/action_dispatch/middleware/templates/rescues/_trace.html.erb (1.2ms)
  Rendered /Users/ericlaitman/.rvm/gems/ruby-2.3.3/gems/actionpack-4.2.10/lib/action_dispatch/middleware/templates/routes/_route.html.erb (0.9ms)
  Rendered /Users/ericlaitman/.rvm/gems/ruby-2.3.3/gems/actionpack-4.2.10/lib/action_dispatch/middleware/templates/routes/_table.html.erb (11.4ms)
  Rendered /Users/ericlaitman/.rvm/gems/ruby-2.3.3/gems/actionpack-4.2.10/lib/action_dispatch/middleware/templates/rescues/_request_and_response.html.erb (11.6ms)
  Rendered /Users/ericlaitman/.rvm/gems/ruby-2.3.3/gems/actionpack-4.2.10/lib/action_dispatch/middleware/templates/rescues/routing_error.html.erb within rescues/layout (161.0ms)


Started GET "/students" for ::1 at 2018-11-04 16:10:44 -0500

AbstractController::ActionNotFound (The action 'index' could not be found for StudentsController):
  actionpack (4.2.10) lib/abstract_controller/base.rb:132:in `process'
  actionview (4.2.10) lib/action_view/rendering.rb:30:in `process'
  actionpack (4.2.10) lib/action_controller/metal.rb:196:in `dispatch'
  actionpack (4.2.10) lib/action_controller/metal/rack_delegation.rb:13:in `dispatch'
  actionpack (4.2.10) lib/action_controller/metal.rb:237:in `block in action'
  actionpack (4.2.10) lib/action_dispatch/routing/route_set.rb:74:in `dispatch'
  actionpack (4.2.10) lib/action_dispatch/routing/route_set.rb:43:in `serve'
  actionpack (4.2.10) lib/action_dispatch/journey/router.rb:43:in `block in serve'
  actionpack (4.2.10) lib/action_dispatch/journey/router.rb:30:in `each'
  actionpack (4.2.10) lib/action_dispatch/journey/router.rb:30:in `serve'
  actionpack (4.2.10) lib/action_dispatch/routing/route_set.rb:817:in `call'
  rack (1.6.10) lib/rack/etag.rb:24:in `call'
  rack (1.6.10) lib/rack/conditionalget.rb:25:in `call'
  rack (1.6.10) lib/rack/head.rb:13:in `call'
  actionpack (4.2.10) lib/action_dispatch/middleware/params_parser.rb:27:in `call'
  actionpack (4.2.10) lib/action_dispatch/middleware/flash.rb:260:in `call'
  rack (1.6.10) lib/rack/session/abstract/id.rb:225:in `context'
  rack (1.6.10) lib/rack/session/abstract/id.rb:220:in `call'
  actionpack (4.2.10) lib/action_dispatch/middleware/cookies.rb:560:in `call'
  activerecord (4.2.10) lib/active_record/query_cache.rb:36:in `call'
  activerecord (4.2.10) lib/active_record/connection_adapters/abstract/connection_pool.rb:653:in `call'
  activerecord (4.2.10) lib/active_record/migration.rb:377:in `call'
  actionpack (4.2.10) lib/action_dispatch/middleware/callbacks.rb:29:in `block in call'
  activesupport (4.2.10) lib/active_support/callbacks.rb:88:in `__run_callbacks__'
  activesupport (4.2.10) lib/active_support/callbacks.rb:778:in `_run_call_callbacks'
  activesupport (4.2.10) lib/active_support/callbacks.rb:81:in `run_callbacks'
  actionpack (4.2.10) lib/action_dispatch/middleware/callbacks.rb:27:in `call'
  actionpack (4.2.10) lib/action_dispatch/middleware/reloader.rb:73:in `call'
  actionpack (4.2.10) lib/action_dispatch/middleware/remote_ip.rb:78:in `call'
  actionpack (4.2.10) lib/action_dispatch/middleware/debug_exceptions.rb:17:in `call'
  actionpack (4.2.10) lib/action_dispatch/middleware/show_exceptions.rb:30:in `call'
  railties (4.2.10) lib/rails/rack/logger.rb:38:in `call_app'
  railties (4.2.10) lib/rails/rack/logger.rb:20:in `block in call'
  activesupport (4.2.10) lib/active_support/tagged_logging.rb:68:in `block in tagged'
  activesupport (4.2.10) lib/active_support/tagged_logging.rb:26:in `tagged'
  activesupport (4.2.10) lib/active_support/tagged_logging.rb:68:in `tagged'
  railties (4.2.10) lib/rails/rack/logger.rb:20:in `call'
  actionpack (4.2.10) lib/action_dispatch/middleware/request_id.rb:21:in `call'
  rack (1.6.10) lib/rack/methodoverride.rb:22:in `call'
  rack (1.6.10) lib/rack/runtime.rb:18:in `call'
  activesupport (4.2.10) lib/active_support/cache/strategy/local_cache_middleware.rb:28:in `call'
  rack (1.6.10) lib/rack/lock.rb:17:in `call'
  actionpack (4.2.10) lib/action_dispatch/middleware/static.rb:120:in `call'
  rack (1.6.10) lib/rack/sendfile.rb:113:in `call'
  railties (4.2.10) lib/rails/engine.rb:518:in `call'
  railties (4.2.10) lib/rails/application.rb:165:in `call'
  rack (1.6.10) lib/rack/lock.rb:17:in `call'
  rack (1.6.10) lib/rack/content_length.rb:15:in `call'
  rack (1.6.10) lib/rack/handler/webrick.rb:88:in `service'
  /Users/ericlaitman/.rvm/rubies/ruby-2.3.3/lib/ruby/2.3.0/webrick/httpserver.rb:140:in `service'
  /Users/ericlaitman/.rvm/rubies/ruby-2.3.3/lib/ruby/2.3.0/webrick/httpserver.rb:96:in `run'
  /Users/ericlaitman/.rvm/rubies/ruby-2.3.3/lib/ruby/2.3.0/webrick/server.rb:296:in `block in start_thread'


  Rendered /Users/ericlaitman/.rvm/gems/ruby-2.3.3/gems/actionpack-4.2.10/lib/action_dispatch/middleware/templates/rescues/unknown_action.html.erb within rescues/layout (0.4ms)


Started GET "/students" for ::1 at 2018-11-04 16:13:53 -0500
Processing by StudentsController#index as HTML
  Rendered students/index.erb within layouts/application (1.2ms)
Completed 500 Internal Server Error in 15ms (ActiveRecord: 0.0ms)

SyntaxError (/Users/ericlaitman/dev2/rails-restful-index-action-lab-nyc-web-100818/app/views/students/index.erb:7: syntax error, unexpected keyword_ensure, expecting keyword_end
/Users/ericlaitman/dev2/rails-restful-index-action-lab-nyc-web-100818/app/views/students/index.erb:9: syntax error, unexpected end-of-input, expecting keyword_end):
  app/views/students/index.erb:7: syntax error, unexpected keyword_ensure, expecting keyword_end
  app/views/students/index.erb:9: syntax error, unexpected end-of-input, expecting keyword_end


  Rendered /Users/ericlaitman/.rvm/gems/ruby-2.3.3/gems/actionpack-4.2.10/lib/action_dispatch/middleware/templates/rescues/_source.erb (5.8ms)
  Rendered /Users/ericlaitman/.rvm/gems/ruby-2.3.3/gems/actionpack-4.2.10/lib/action_dispatch/middleware/templates/rescues/_trace.html.erb (3.4ms)
  Rendered /Users/ericlaitman/.rvm/gems/ruby-2.3.3/gems/actionpack-4.2.10/lib/action_dispatch/middleware/templates/rescues/_request_and_response.html.erb (1.3ms)
  Rendered /Users/ericlaitman/.rvm/gems/ruby-2.3.3/gems/actionpack-4.2.10/lib/action_dispatch/middleware/templates/rescues/diagnostics.html.erb within rescues/layout (84.7ms)


Started GET "/students" for ::1 at 2018-11-04 16:14:15 -0500
Processing by StudentsController#index as HTML
  Rendered students/index.erb within layouts/application (0.4ms)
Completed 500 Internal Server Error in 7ms (ActiveRecord: 0.0ms)

SyntaxError (/Users/ericlaitman/dev2/rails-restful-index-action-lab-nyc-web-100818/app/views/students/index.erb:5: syntax error, unexpected keyword_ensure, expecting keyword_end
/Users/ericlaitman/dev2/rails-restful-index-action-lab-nyc-web-100818/app/views/students/index.erb:7: syntax error, unexpected end-of-input, expecting keyword_end):
  app/views/students/index.erb:5: syntax error, unexpected keyword_ensure, expecting keyword_end
  app/views/students/index.erb:7: syntax error, unexpected end-of-input, expecting keyword_end


  Rendered /Users/ericlaitman/.rvm/gems/ruby-2.3.3/gems/actionpack-4.2.10/lib/action_dispatch/middleware/templates/rescues/_source.erb (8.7ms)
  Rendered /Users/ericlaitman/.rvm/gems/ruby-2.3.3/gems/actionpack-4.2.10/lib/action_dispatch/middleware/templates/rescues/_trace.html.erb (6.0ms)
  Rendered /Users/ericlaitman/.rvm/gems/ruby-2.3.3/gems/actionpack-4.2.10/lib/action_dispatch/middleware/templates/rescues/_request_and_response.html.erb (2.4ms)
  Rendered /Users/ericlaitman/.rvm/gems/ruby-2.3.3/gems/actionpack-4.2.10/lib/action_dispatch/middleware/templates/rescues/diagnostics.html.erb within rescues/layout (127.0ms)


Started GET "/students" for ::1 at 2018-11-04 16:14:16 -0500
Processing by StudentsController#index as HTML
  Rendered students/index.erb within layouts/application (0.8ms)
Completed 500 Internal Server Error in 12ms (ActiveRecord: 0.0ms)

SyntaxError (/Users/ericlaitman/dev2/rails-restful-index-action-lab-nyc-web-100818/app/views/students/index.erb:5: syntax error, unexpected keyword_ensure, expecting keyword_end
/Users/ericlaitman/dev2/rails-restful-index-action-lab-nyc-web-100818/app/views/students/index.erb:7: syntax error, unexpected end-of-input, expecting keyword_end):
  app/views/students/index.erb:5: syntax error, unexpected keyword_ensure, expecting keyword_end
  app/views/students/index.erb:7: syntax error, unexpected end-of-input, expecting keyword_end


  Rendered /Users/ericlaitman/.rvm/gems/ruby-2.3.3/gems/actionpack-4.2.10/lib/action_dispatch/middleware/templates/rescues/_source.erb (5.7ms)
  Rendered /Users/ericlaitman/.rvm/gems/ruby-2.3.3/gems/actionpack-4.2.10/lib/action_dispatch/middleware/templates/rescues/_trace.html.erb (2.2ms)
  Rendered /Users/ericlaitman/.rvm/gems/ruby-2.3.3/gems/actionpack-4.2.10/lib/action_dispatch/middleware/templates/rescues/_request_and_response.html.erb (0.8ms)
  Rendered /Users/ericlaitman/.rvm/gems/ruby-2.3.3/gems/actionpack-4.2.10/lib/action_dispatch/middleware/templates/rescues/diagnostics.html.erb within rescues/layout (77.0ms)


Started GET "/students" for ::1 at 2018-11-04 16:14:17 -0500
Processing by StudentsController#index as HTML
  Rendered students/index.erb within layouts/application (0.4ms)
Completed 500 Internal Server Error in 6ms (ActiveRecord: 0.0ms)

SyntaxError (/Users/ericlaitman/dev2/rails-restful-index-action-lab-nyc-web-100818/app/views/students/index.erb:5: syntax error, unexpected keyword_ensure, expecting keyword_end
/Users/ericlaitman/dev2/rails-restful-index-action-lab-nyc-web-100818/app/views/students/index.erb:7: syntax error, unexpected end-of-input, expecting keyword_end):
  app/views/students/index.erb:5: syntax error, unexpected keyword_ensure, expecting keyword_end
  app/views/students/index.erb:7: syntax error, unexpected end-of-input, expecting keyword_end


  Rendered /Users/ericlaitman/.rvm/gems/ruby-2.3.3/gems/actionpack-4.2.10/lib/action_dispatch/middleware/templates/rescues/_source.erb (11.0ms)
  Rendered /Users/ericlaitman/.rvm/gems/ruby-2.3.3/gems/actionpack-4.2.10/lib/action_dispatch/middleware/templates/rescues/_trace.html.erb (3.2ms)
  Rendered /Users/ericlaitman/.rvm/gems/ruby-2.3.3/gems/actionpack-4.2.10/lib/action_dispatch/middleware/templates/rescues/_request_and_response.html.erb (0.8ms)
  Rendered /Users/ericlaitman/.rvm/gems/ruby-2.3.3/gems/actionpack-4.2.10/lib/action_dispatch/middleware/templates/rescues/diagnostics.html.erb within rescues/layout (93.5ms)


Started GET "/students" for ::1 at 2018-11-04 16:14:18 -0500
Processing by StudentsController#index as HTML
  Rendered students/index.erb within layouts/application (0.5ms)
Completed 500 Internal Server Error in 6ms (ActiveRecord: 0.0ms)

SyntaxError (/Users/ericlaitman/dev2/rails-restful-index-action-lab-nyc-web-100818/app/views/students/index.erb:5: syntax error, unexpected keyword_ensure, expecting keyword_end
/Users/ericlaitman/dev2/rails-restful-index-action-lab-nyc-web-100818/app/views/students/index.erb:7: syntax error, unexpected end-of-input, expecting keyword_end):
  app/views/students/index.erb:5: syntax error, unexpected keyword_ensure, expecting keyword_end
  app/views/students/index.erb:7: syntax error, unexpected end-of-input, expecting keyword_end


  Rendered /Users/ericlaitman/.rvm/gems/ruby-2.3.3/gems/actionpack-4.2.10/lib/action_dispatch/middleware/templates/rescues/_source.erb (5.5ms)
  Rendered /Users/ericlaitman/.rvm/gems/ruby-2.3.3/gems/actionpack-4.2.10/lib/action_dispatch/middleware/templates/rescues/_trace.html.erb (3.3ms)
  Rendered /Users/ericlaitman/.rvm/gems/ruby-2.3.3/gems/actionpack-4.2.10/lib/action_dispatch/middleware/templates/rescues/_request_and_response.html.erb (0.8ms)
  Rendered /Users/ericlaitman/.rvm/gems/ruby-2.3.3/gems/actionpack-4.2.10/lib/action_dispatch/middleware/templates/rescues/diagnostics.html.erb within rescues/layout (113.4ms)


Started GET "/students" for ::1 at 2018-11-04 16:15:12 -0500
Processing by StudentsController#index as HTML
  Rendered students/index.erb within layouts/application (5.8ms)
Completed 500 Internal Server Error in 14ms (ActiveRecord: 0.0ms)

SyntaxError (/Users/ericlaitman/dev2/rails-restful-index-action-lab-nyc-web-100818/app/views/students/index.erb:5: syntax error, unexpected keyword_ensure, expecting keyword_end
/Users/ericlaitman/dev2/rails-restful-index-action-lab-nyc-web-100818/app/views/students/index.erb:7: syntax error, unexpected end-of-input, expecting keyword_end):
  app/views/students/index.erb:5: syntax error, unexpected keyword_ensure, expecting keyword_end
  app/views/students/index.erb:7: syntax error, unexpected end-of-input, expecting keyword_end


  Rendered /Users/ericlaitman/.rvm/gems/ruby-2.3.3/gems/actionpack-4.2.10/lib/action_dispatch/middleware/templates/rescues/_source.erb (9.0ms)
  Rendered /Users/ericlaitman/.rvm/gems/ruby-2.3.3/gems/actionpack-4.2.10/lib/action_dispatch/middleware/templates/rescues/_trace.html.erb (4.9ms)
  Rendered /Users/ericlaitman/.rvm/gems/ruby-2.3.3/gems/actionpack-4.2.10/lib/action_dispatch/middleware/templates/rescues/_request_and_response.html.erb (2.2ms)
  Rendered /Users/ericlaitman/.rvm/gems/ruby-2.3.3/gems/actionpack-4.2.10/lib/action_dispatch/middleware/templates/rescues/diagnostics.html.erb within rescues/layout (106.5ms)


Started GET "/students" for ::1 at 2018-11-04 16:15:13 -0500
Processing by StudentsController#index as HTML
  Rendered students/index.erb within layouts/application (0.4ms)
Completed 500 Internal Server Error in 6ms (ActiveRecord: 0.0ms)

SyntaxError (/Users/ericlaitman/dev2/rails-restful-index-action-lab-nyc-web-100818/app/views/students/index.erb:5: syntax error, unexpected keyword_ensure, expecting keyword_end
/Users/ericlaitman/dev2/rails-restful-index-action-lab-nyc-web-100818/app/views/students/index.erb:7: syntax error, unexpected end-of-input, expecting keyword_end):
  app/views/students/index.erb:5: syntax error, unexpected keyword_ensure, expecting keyword_end
  app/views/students/index.erb:7: syntax error, unexpected end-of-input, expecting keyword_end


  Rendered /Users/ericlaitman/.rvm/gems/ruby-2.3.3/gems/actionpack-4.2.10/lib/action_dispatch/middleware/templates/rescues/_source.erb (6.7ms)
  Rendered /Users/ericlaitman/.rvm/gems/ruby-2.3.3/gems/actionpack-4.2.10/lib/action_dispatch/middleware/templates/rescues/_trace.html.erb (3.5ms)
  Rendered /Users/ericlaitman/.rvm/gems/ruby-2.3.3/gems/actionpack-4.2.10/lib/action_dispatch/middleware/templates/rescues/_request_and_response.html.erb (3.5ms)
  Rendered /Users/ericlaitman/.rvm/gems/ruby-2.3.3/gems/actionpack-4.2.10/lib/action_dispatch/middleware/templates/rescues/diagnostics.html.erb within rescues/layout (123.8ms)


Started GET "/students" for ::1 at 2018-11-04 16:15:14 -0500
Processing by StudentsController#index as HTML
  Rendered students/index.erb within layouts/application (0.4ms)
Completed 500 Internal Server Error in 6ms (ActiveRecord: 0.0ms)

SyntaxError (/Users/ericlaitman/dev2/rails-restful-index-action-lab-nyc-web-100818/app/views/students/index.erb:5: syntax error, unexpected keyword_ensure, expecting keyword_end
/Users/ericlaitman/dev2/rails-restful-index-action-lab-nyc-web-100818/app/views/students/index.erb:7: syntax error, unexpected end-of-input, expecting keyword_end):
  app/views/students/index.erb:5: syntax error, unexpected keyword_ensure, expecting keyword_end
  app/views/students/index.erb:7: syntax error, unexpected end-of-input, expecting keyword_end


  Rendered /Users/ericlaitman/.rvm/gems/ruby-2.3.3/gems/actionpack-4.2.10/lib/action_dispatch/middleware/templates/rescues/_source.erb (6.3ms)
  Rendered /Users/ericlaitman/.rvm/gems/ruby-2.3.3/gems/actionpack-4.2.10/lib/action_dispatch/middleware/templates/rescues/_trace.html.erb (5.5ms)
  Rendered /Users/ericlaitman/.rvm/gems/ruby-2.3.3/gems/actionpack-4.2.10/lib/action_dispatch/middleware/templates/rescues/_request_and_response.html.erb (1.0ms)
  Rendered /Users/ericlaitman/.rvm/gems/ruby-2.3.3/gems/actionpack-4.2.10/lib/action_dispatch/middleware/templates/rescues/diagnostics.html.erb within rescues/layout (105.1ms)


Started GET "/students" for ::1 at 2018-11-04 16:15:38 -0500
Processing by StudentsController#index as HTML
  Rendered students/index.erb within layouts/application (0.7ms)
Completed 500 Internal Server Error in 10ms (ActiveRecord: 0.0ms)

SyntaxError (/Users/ericlaitman/dev2/rails-restful-index-action-lab-nyc-web-100818/app/views/students/index.erb:4: syntax error, unexpected keyword_ensure, expecting keyword_end
/Users/ericlaitman/dev2/rails-restful-index-action-lab-nyc-web-100818/app/views/students/index.erb:6: syntax error, unexpected end-of-input, expecting keyword_end):
  app/views/students/index.erb:4: syntax error, unexpected keyword_ensure, expecting keyword_end
  app/views/students/index.erb:6: syntax error, unexpected end-of-input, expecting keyword_end


  Rendered /Users/ericlaitman/.rvm/gems/ruby-2.3.3/gems/actionpack-4.2.10/lib/action_dispatch/middleware/templates/rescues/_source.erb (6.9ms)
  Rendered /Users/ericlaitman/.rvm/gems/ruby-2.3.3/gems/actionpack-4.2.10/lib/action_dispatch/middleware/templates/rescues/_trace.html.erb (3.2ms)
  Rendered /Users/ericlaitman/.rvm/gems/ruby-2.3.3/gems/actionpack-4.2.10/lib/action_dispatch/middleware/templates/rescues/_request_and_response.html.erb (3.9ms)
  Rendered /Users/ericlaitman/.rvm/gems/ruby-2.3.3/gems/actionpack-4.2.10/lib/action_dispatch/middleware/templates/rescues/diagnostics.html.erb within rescues/layout (121.2ms)


Started GET "/students" for ::1 at 2018-11-04 16:16:12 -0500
Processing by StudentsController#index as HTML
  Rendered students/index.erb within layouts/application (0.6ms)
Completed 500 Internal Server Error in 10ms (ActiveRecord: 0.0ms)

SyntaxError (/Users/ericlaitman/dev2/rails-restful-index-action-lab-nyc-web-100818/app/views/students/index.erb:4: syntax error, unexpected keyword_ensure, expecting keyword_end
/Users/ericlaitman/dev2/rails-restful-index-action-lab-nyc-web-100818/app/views/students/index.erb:6: syntax error, unexpected end-of-input, expecting keyword_end):
  app/views/students/index.erb:4: syntax error, unexpected keyword_ensure, expecting keyword_end
  app/views/students/index.erb:6: syntax error, unexpected end-of-input, expecting keyword_end


  Rendered /Users/ericlaitman/.rvm/gems/ruby-2.3.3/gems/actionpack-4.2.10/lib/action_dispatch/middleware/templates/rescues/_source.erb (5.7ms)
  Rendered /Users/ericlaitman/.rvm/gems/ruby-2.3.3/gems/actionpack-4.2.10/lib/action_dispatch/middleware/templates/rescues/_trace.html.erb (7.8ms)
  Rendered /Users/ericlaitman/.rvm/gems/ruby-2.3.3/gems/actionpack-4.2.10/lib/action_dispatch/middleware/templates/rescues/_request_and_response.html.erb (2.3ms)
  Rendered /Users/ericlaitman/.rvm/gems/ruby-2.3.3/gems/actionpack-4.2.10/lib/action_dispatch/middleware/templates/rescues/diagnostics.html.erb within rescues/layout (114.3ms)


Started GET "/students" for ::1 at 2018-11-04 16:16:13 -0500
Processing by StudentsController#index as HTML
  Rendered students/index.erb within layouts/application (0.5ms)
Completed 500 Internal Server Error in 7ms (ActiveRecord: 0.0ms)

SyntaxError (/Users/ericlaitman/dev2/rails-restful-index-action-lab-nyc-web-100818/app/views/students/index.erb:4: syntax error, unexpected keyword_ensure, expecting keyword_end
/Users/ericlaitman/dev2/rails-restful-index-action-lab-nyc-web-100818/app/views/students/index.erb:6: syntax error, unexpected end-of-input, expecting keyword_end):
  app/views/students/index.erb:4: syntax error, unexpected keyword_ensure, expecting keyword_end
  app/views/students/index.erb:6: syntax error, unexpected end-of-input, expecting keyword_end


  Rendered /Users/ericlaitman/.rvm/gems/ruby-2.3.3/gems/actionpack-4.2.10/lib/action_dispatch/middleware/templates/rescues/_source.erb (11.5ms)
  Rendered /Users/ericlaitman/.rvm/gems/ruby-2.3.3/gems/actionpack-4.2.10/lib/action_dispatch/middleware/templates/rescues/_trace.html.erb (5.6ms)
  Rendered /Users/ericlaitman/.rvm/gems/ruby-2.3.3/gems/actionpack-4.2.10/lib/action_dispatch/middleware/templates/rescues/_request_and_response.html.erb (1.0ms)
  Rendered /Users/ericlaitman/.rvm/gems/ruby-2.3.3/gems/actionpack-4.2.10/lib/action_dispatch/middleware/templates/rescues/diagnostics.html.erb within rescues/layout (91.1ms)


Started GET "/students" for ::1 at 2018-11-04 16:17:17 -0500
Processing by StudentsController#index as HTML
  Rendered students/index.erb within layouts/application (0.3ms)
Completed 500 Internal Server Error in 11ms (ActiveRecord: 0.0ms)

SyntaxError (/Users/ericlaitman/dev2/rails-restful-index-action-lab-nyc-web-100818/app/views/students/index.erb:4: syntax error, unexpected keyword_ensure, expecting keyword_end
/Users/ericlaitman/dev2/rails-restful-index-action-lab-nyc-web-100818/app/views/students/index.erb:6: syntax error, unexpected end-of-input, expecting keyword_end):
  app/views/students/index.erb:4: syntax error, unexpected keyword_ensure, expecting keyword_end
  app/views/students/index.erb:6: syntax error, unexpected end-of-input, expecting keyword_end


  Rendered /Users/ericlaitman/.rvm/gems/ruby-2.3.3/gems/actionpack-4.2.10/lib/action_dispatch/middleware/templates/rescues/_source.erb (7.4ms)
  Rendered /Users/ericlaitman/.rvm/gems/ruby-2.3.3/gems/actionpack-4.2.10/lib/action_dispatch/middleware/templates/rescues/_trace.html.erb (2.4ms)
  Rendered /Users/ericlaitman/.rvm/gems/ruby-2.3.3/gems/actionpack-4.2.10/lib/action_dispatch/middleware/templates/rescues/_request_and_response.html.erb (1.1ms)
  Rendered /Users/ericlaitman/.rvm/gems/ruby-2.3.3/gems/actionpack-4.2.10/lib/action_dispatch/middleware/templates/rescues/diagnostics.html.erb within rescues/layout (109.2ms)


Started GET "/students" for ::1 at 2018-11-04 16:17:18 -0500
Processing by StudentsController#index as HTML
  Rendered students/index.erb within layouts/application (0.4ms)
Completed 500 Internal Server Error in 5ms (ActiveRecord: 0.0ms)

SyntaxError (/Users/ericlaitman/dev2/rails-restful-index-action-lab-nyc-web-100818/app/views/students/index.erb:4: syntax error, unexpected keyword_ensure, expecting keyword_end
/Users/ericlaitman/dev2/rails-restful-index-action-lab-nyc-web-100818/app/views/students/index.erb:6: syntax error, unexpected end-of-input, expecting keyword_end):
  app/views/students/index.erb:4: syntax error, unexpected keyword_ensure, expecting keyword_end
  app/views/students/index.erb:6: syntax error, unexpected end-of-input, expecting keyword_end


  Rendered /Users/ericlaitman/.rvm/gems/ruby-2.3.3/gems/actionpack-4.2.10/lib/action_dispatch/middleware/templates/rescues/_source.erb (5.1ms)
  Rendered /Users/ericlaitman/.rvm/gems/ruby-2.3.3/gems/actionpack-4.2.10/lib/action_dispatch/middleware/templates/rescues/_trace.html.erb (3.8ms)
  Rendered /Users/ericlaitman/.rvm/gems/ruby-2.3.3/gems/actionpack-4.2.10/lib/action_dispatch/middleware/templates/rescues/_request_and_response.html.erb (1.2ms)
  Rendered /Users/ericlaitman/.rvm/gems/ruby-2.3.3/gems/actionpack-4.2.10/lib/action_dispatch/middleware/templates/rescues/diagnostics.html.erb within rescues/layout (94.8ms)


Started GET "/students" for ::1 at 2018-11-04 16:17:18 -0500
Processing by StudentsController#index as HTML
  Rendered students/index.erb within layouts/application (0.3ms)
Completed 500 Internal Server Error in 5ms (ActiveRecord: 0.0ms)

SyntaxError (/Users/ericlaitman/dev2/rails-restful-index-action-lab-nyc-web-100818/app/views/students/index.erb:4: syntax error, unexpected keyword_ensure, expecting keyword_end
/Users/ericlaitman/dev2/rails-restful-index-action-lab-nyc-web-100818/app/views/students/index.erb:6: syntax error, unexpected end-of-input, expecting keyword_end):
  app/views/students/index.erb:4: syntax error, unexpected keyword_ensure, expecting keyword_end
  app/views/students/index.erb:6: syntax error, unexpected end-of-input, expecting keyword_end


  Rendered /Users/ericlaitman/.rvm/gems/ruby-2.3.3/gems/actionpack-4.2.10/lib/action_dispatch/middleware/templates/rescues/_source.erb (6.1ms)
  Rendered /Users/ericlaitman/.rvm/gems/ruby-2.3.3/gems/actionpack-4.2.10/lib/action_dispatch/middleware/templates/rescues/_trace.html.erb (3.0ms)
  Rendered /Users/ericlaitman/.rvm/gems/ruby-2.3.3/gems/actionpack-4.2.10/lib/action_dispatch/middleware/templates/rescues/_request_and_response.html.erb (0.8ms)
  Rendered /Users/ericlaitman/.rvm/gems/ruby-2.3.3/gems/actionpack-4.2.10/lib/action_dispatch/middleware/templates/rescues/diagnostics.html.erb within rescues/layout (78.8ms)


Started GET "/students" for ::1 at 2018-11-04 16:17:30 -0500
Processing by StudentsController#index as HTML
  Rendered students/index.erb within layouts/application (0.5ms)
Completed 500 Internal Server Error in 9ms (ActiveRecord: 0.0ms)

SyntaxError (/Users/ericlaitman/dev2/rails-restful-index-action-lab-nyc-web-100818/app/views/students/index.erb:4: syntax error, unexpected keyword_ensure, expecting keyword_end
/Users/ericlaitman/dev2/rails-restful-index-action-lab-nyc-web-100818/app/views/students/index.erb:6: syntax error, unexpected end-of-input, expecting keyword_end):
  app/views/students/index.erb:4: syntax error, unexpected keyword_ensure, expecting keyword_end
  app/views/students/index.erb:6: syntax error, unexpected end-of-input, expecting keyword_end


  Rendered /Users/ericlaitman/.rvm/gems/ruby-2.3.3/gems/actionpack-4.2.10/lib/action_dispatch/middleware/templates/rescues/_source.erb (7.0ms)
  Rendered /Users/ericlaitman/.rvm/gems/ruby-2.3.3/gems/actionpack-4.2.10/lib/action_dispatch/middleware/templates/rescues/_trace.html.erb (2.8ms)
  Rendered /Users/ericlaitman/.rvm/gems/ruby-2.3.3/gems/actionpack-4.2.10/lib/action_dispatch/middleware/templates/rescues/_request_and_response.html.erb (1.1ms)
  Rendered /Users/ericlaitman/.rvm/gems/ruby-2.3.3/gems/actionpack-4.2.10/lib/action_dispatch/middleware/templates/rescues/diagnostics.html.erb within rescues/layout (112.5ms)


Started GET "/students" for ::1 at 2018-11-04 16:18:17 -0500
Processing by StudentsController#index as HTML
  Rendered students/index.erb within layouts/application (0.7ms)
Completed 500 Internal Server Error in 16ms (ActiveRecord: 0.0ms)

SyntaxError (/Users/ericlaitman/dev2/rails-restful-index-action-lab-nyc-web-100818/app/views/students/index.erb:5: syntax error, unexpected keyword_ensure, expecting keyword_end
/Users/ericlaitman/dev2/rails-restful-index-action-lab-nyc-web-100818/app/views/students/index.erb:7: syntax error, unexpected end-of-input, expecting keyword_end):
  app/views/students/index.erb:5: syntax error, unexpected keyword_ensure, expecting keyword_end
  app/views/students/index.erb:7: syntax error, unexpected end-of-input, expecting keyword_end


  Rendered /Users/ericlaitman/.rvm/gems/ruby-2.3.3/gems/actionpack-4.2.10/lib/action_dispatch/middleware/templates/rescues/_source.erb (5.8ms)
  Rendered /Users/ericlaitman/.rvm/gems/ruby-2.3.3/gems/actionpack-4.2.10/lib/action_dispatch/middleware/templates/rescues/_trace.html.erb (2.8ms)
  Rendered /Users/ericlaitman/.rvm/gems/ruby-2.3.3/gems/actionpack-4.2.10/lib/action_dispatch/middleware/templates/rescues/_request_and_response.html.erb (0.7ms)
  Rendered /Users/ericlaitman/.rvm/gems/ruby-2.3.3/gems/actionpack-4.2.10/lib/action_dispatch/middleware/templates/rescues/diagnostics.html.erb within rescues/layout (83.3ms)


Started GET "/students" for ::1 at 2018-11-04 16:18:18 -0500
Processing by StudentsController#index as HTML
  Rendered students/index.erb within layouts/application (1.0ms)
Completed 500 Internal Server Error in 8ms (ActiveRecord: 0.0ms)

SyntaxError (/Users/ericlaitman/dev2/rails-restful-index-action-lab-nyc-web-100818/app/views/students/index.erb:5: syntax error, unexpected keyword_ensure, expecting keyword_end
/Users/ericlaitman/dev2/rails-restful-index-action-lab-nyc-web-100818/app/views/students/index.erb:7: syntax error, unexpected end-of-input, expecting keyword_end):
  app/views/students/index.erb:5: syntax error, unexpected keyword_ensure, expecting keyword_end
  app/views/students/index.erb:7: syntax error, unexpected end-of-input, expecting keyword_end


  Rendered /Users/ericlaitman/.rvm/gems/ruby-2.3.3/gems/actionpack-4.2.10/lib/action_dispatch/middleware/templates/rescues/_source.erb (5.8ms)
  Rendered /Users/ericlaitman/.rvm/gems/ruby-2.3.3/gems/actionpack-4.2.10/lib/action_dispatch/middleware/templates/rescues/_trace.html.erb (4.6ms)
  Rendered /Users/ericlaitman/.rvm/gems/ruby-2.3.3/gems/actionpack-4.2.10/lib/action_dispatch/middleware/templates/rescues/_request_and_response.html.erb (1.1ms)
  Rendered /Users/ericlaitman/.rvm/gems/ruby-2.3.3/gems/actionpack-4.2.10/lib/action_dispatch/middleware/templates/rescues/diagnostics.html.erb within rescues/layout (107.9ms)


Started GET "/students" for ::1 at 2018-11-04 16:19:05 -0500
Processing by StudentsController#index as HTML
  Rendered students/index.erb within layouts/application (0.5ms)
Completed 500 Internal Server Error in 9ms (ActiveRecord: 0.0ms)

SyntaxError (/Users/ericlaitman/dev2/rails-restful-index-action-lab-nyc-web-100818/app/views/students/index.erb:5: syntax error, unexpected keyword_ensure, expecting keyword_end
/Users/ericlaitman/dev2/rails-restful-index-action-lab-nyc-web-100818/app/views/students/index.erb:7: syntax error, unexpected end-of-input, expecting keyword_end):
  app/views/students/index.erb:5: syntax error, unexpected keyword_ensure, expecting keyword_end
  app/views/students/index.erb:7: syntax error, unexpected end-of-input, expecting keyword_end


  Rendered /Users/ericlaitman/.rvm/gems/ruby-2.3.3/gems/actionpack-4.2.10/lib/action_dispatch/middleware/templates/rescues/_source.erb (8.3ms)
  Rendered /Users/ericlaitman/.rvm/gems/ruby-2.3.3/gems/actionpack-4.2.10/lib/action_dispatch/middleware/templates/rescues/_trace.html.erb (3.6ms)
  Rendered /Users/ericlaitman/.rvm/gems/ruby-2.3.3/gems/actionpack-4.2.10/lib/action_dispatch/middleware/templates/rescues/_request_and_response.html.erb (1.4ms)
  Rendered /Users/ericlaitman/.rvm/gems/ruby-2.3.3/gems/actionpack-4.2.10/lib/action_dispatch/middleware/templates/rescues/diagnostics.html.erb within rescues/layout (86.1ms)


Started GET "/students" for ::1 at 2018-11-04 16:19:06 -0500
Processing by StudentsController#index as HTML
  Rendered students/index.erb within layouts/application (0.6ms)
Completed 500 Internal Server Error in 9ms (ActiveRecord: 0.0ms)

SyntaxError (/Users/ericlaitman/dev2/rails-restful-index-action-lab-nyc-web-100818/app/views/students/index.erb:5: syntax error, unexpected keyword_ensure, expecting keyword_end
/Users/ericlaitman/dev2/rails-restful-index-action-lab-nyc-web-100818/app/views/students/index.erb:7: syntax error, unexpected end-of-input, expecting keyword_end):
  app/views/students/index.erb:5: syntax error, unexpected keyword_ensure, expecting keyword_end
  app/views/students/index.erb:7: syntax error, unexpected end-of-input, expecting keyword_end


  Rendered /Users/ericlaitman/.rvm/gems/ruby-2.3.3/gems/actionpack-4.2.10/lib/action_dispatch/middleware/templates/rescues/_source.erb (5.0ms)
  Rendered /Users/ericlaitman/.rvm/gems/ruby-2.3.3/gems/actionpack-4.2.10/lib/action_dispatch/middleware/templates/rescues/_trace.html.erb (2.8ms)
  Rendered /Users/ericlaitman/.rvm/gems/ruby-2.3.3/gems/actionpack-4.2.10/lib/action_dispatch/middleware/templates/rescues/_request_and_response.html.erb (0.7ms)
  Rendered /Users/ericlaitman/.rvm/gems/ruby-2.3.3/gems/actionpack-4.2.10/lib/action_dispatch/middleware/templates/rescues/diagnostics.html.erb within rescues/layout (78.6ms)


Started GET "/students" for ::1 at 2018-11-04 16:19:07 -0500
Processing by StudentsController#index as HTML
  Rendered students/index.erb within layouts/application (0.6ms)
Completed 500 Internal Server Error in 11ms (ActiveRecord: 0.0ms)

SyntaxError (/Users/ericlaitman/dev2/rails-restful-index-action-lab-nyc-web-100818/app/views/students/index.erb:5: syntax error, unexpected keyword_ensure, expecting keyword_end
/Users/ericlaitman/dev2/rails-restful-index-action-lab-nyc-web-100818/app/views/students/index.erb:7: syntax error, unexpected end-of-input, expecting keyword_end):
  app/views/students/index.erb:5: syntax error, unexpected keyword_ensure, expecting keyword_end
  app/views/students/index.erb:7: syntax error, unexpected end-of-input, expecting keyword_end


  Rendered /Users/ericlaitman/.rvm/gems/ruby-2.3.3/gems/actionpack-4.2.10/lib/action_dispatch/middleware/templates/rescues/_source.erb (8.0ms)
  Rendered /Users/ericlaitman/.rvm/gems/ruby-2.3.3/gems/actionpack-4.2.10/lib/action_dispatch/middleware/templates/rescues/_trace.html.erb (2.6ms)
  Rendered /Users/ericlaitman/.rvm/gems/ruby-2.3.3/gems/actionpack-4.2.10/lib/action_dispatch/middleware/templates/rescues/_request_and_response.html.erb (1.0ms)
  Rendered /Users/ericlaitman/.rvm/gems/ruby-2.3.3/gems/actionpack-4.2.10/lib/action_dispatch/middleware/templates/rescues/diagnostics.html.erb within rescues/layout (105.4ms)


Started GET "/students" for ::1 at 2018-11-04 16:19:08 -0500
Processing by StudentsController#index as HTML
  Rendered students/index.erb within layouts/application (0.4ms)
Completed 500 Internal Server Error in 6ms (ActiveRecord: 0.0ms)

SyntaxError (/Users/ericlaitman/dev2/rails-restful-index-action-lab-nyc-web-100818/app/views/students/index.erb:5: syntax error, unexpected keyword_ensure, expecting keyword_end
/Users/ericlaitman/dev2/rails-restful-index-action-lab-nyc-web-100818/app/views/students/index.erb:7: syntax error, unexpected end-of-input, expecting keyword_end):
  app/views/students/index.erb:5: syntax error, unexpected keyword_ensure, expecting keyword_end
  app/views/students/index.erb:7: syntax error, unexpected end-of-input, expecting keyword_end


  Rendered /Users/ericlaitman/.rvm/gems/ruby-2.3.3/gems/actionpack-4.2.10/lib/action_dispatch/middleware/templates/rescues/_source.erb (8.8ms)
  Rendered /Users/ericlaitman/.rvm/gems/ruby-2.3.3/gems/actionpack-4.2.10/lib/action_dispatch/middleware/templates/rescues/_trace.html.erb (2.5ms)
  Rendered /Users/ericlaitman/.rvm/gems/ruby-2.3.3/gems/actionpack-4.2.10/lib/action_dispatch/middleware/templates/rescues/_request_and_response.html.erb (0.8ms)
  Rendered /Users/ericlaitman/.rvm/gems/ruby-2.3.3/gems/actionpack-4.2.10/lib/action_dispatch/middleware/templates/rescues/diagnostics.html.erb within rescues/layout (109.6ms)


Started GET "/students" for ::1 at 2018-11-04 16:19:09 -0500
Processing by StudentsController#index as HTML
  Rendered students/index.erb within layouts/application (0.7ms)
Completed 500 Internal Server Error in 6ms (ActiveRecord: 0.0ms)

SyntaxError (/Users/ericlaitman/dev2/rails-restful-index-action-lab-nyc-web-100818/app/views/students/index.erb:5: syntax error, unexpected keyword_ensure, expecting keyword_end
/Users/ericlaitman/dev2/rails-restful-index-action-lab-nyc-web-100818/app/views/students/index.erb:7: syntax error, unexpected end-of-input, expecting keyword_end):
  app/views/students/index.erb:5: syntax error, unexpected keyword_ensure, expecting keyword_end
  app/views/students/index.erb:7: syntax error, unexpected end-of-input, expecting keyword_end


  Rendered /Users/ericlaitman/.rvm/gems/ruby-2.3.3/gems/actionpack-4.2.10/lib/action_dispatch/middleware/templates/rescues/_source.erb (8.8ms)
  Rendered /Users/ericlaitman/.rvm/gems/ruby-2.3.3/gems/actionpack-4.2.10/lib/action_dispatch/middleware/templates/rescues/_trace.html.erb (5.1ms)
  Rendered /Users/ericlaitman/.rvm/gems/ruby-2.3.3/gems/actionpack-4.2.10/lib/action_dispatch/middleware/templates/rescues/_request_and_response.html.erb (0.9ms)
  Rendered /Users/ericlaitman/.rvm/gems/ruby-2.3.3/gems/actionpack-4.2.10/lib/action_dispatch/middleware/templates/rescues/diagnostics.html.erb within rescues/layout (112.2ms)


Started GET "/students" for ::1 at 2018-11-04 16:29:04 -0500
Processing by StudentsController#index as HTML
  [1m[35mStudent Load (0.2ms)[0m  SELECT "students".* FROM "students"
  Rendered students/index.erb within layouts/application (5.2ms)
Completed 200 OK in 261ms (Views: 259.4ms | ActiveRecord: 0.5ms)
